#-----------------------------------------------------------
# Vivado v2018.2 (64-bit)
# SW Build 2258646 on Thu Jun 14 20:03:12 MDT 2018
# IP Build 2256618 on Thu Jun 14 22:10:49 MDT 2018
# Start of session at: Wed Sep  4 14:51:58 2019
# Process ID: 6792
# Current directory: C:/Users/ARGE2/Desktop/ddApp-10 FPGA UygulamalariSeti/Uygulama Kodlar/Wi-Fi
# Command line: vivado.exe -gui_launcher_event rodinguilauncherevent6164 C:\Users\ARGE2\Desktop\ddApp-10 FPGA UygulamalariSeti\Uygulama Kodlar\Wi-Fi\Wi-Fi.xpr
# Log file: C:/Users/ARGE2/Desktop/ddApp-10 FPGA UygulamalariSeti/Uygulama Kodlar/Wi-Fi/vivado.log
# Journal file: C:/Users/ARGE2/Desktop/ddApp-10 FPGA UygulamalariSeti/Uygulama Kodlar/Wi-Fi\vivado.jou
#-----------------------------------------------------------
start_gui
open_project {C:/Users/ARGE2/Desktop/ddApp-10 FPGA UygulamalariSeti/Uygulama Kodlar/Wi-Fi/Wi-Fi.xpr}
Scanning sources...
Finished scanning sources
INFO: [IP_Flow 19-234] Refreshing IP repositories
INFO: [IP_Flow 19-1704] No user IP repositories specified
INFO: [IP_Flow 19-2313] Loaded Vivado IP repository 'C:/Xilinx/Vivado/2018.2/data/ip'.
open_project: Time (s): cpu = 00:00:22 ; elapsed = 00:00:12 . Memory (MB): peak = 820.570 ; gain = 138.344
update_compile_order -fileset sources_1
exit
INFO: [Common 17-206] Exiting Vivado at Wed Sep  4 14:54:06 2019...
