#-----------------------------------------------------------
# Vivado v2018.2 (64-bit)
# SW Build 2258646 on Thu Jun 14 20:03:12 MDT 2018
# IP Build 2256618 on Thu Jun 14 22:10:49 MDT 2018
# Start of session at: Mon Sep  2 14:53:40 2019
# Process ID: 5236
# Current directory: C:/Users/ARGE2/Desktop/ddApp-10 FPGA UygulamalariSeti/Uygulama Kodlar/Wi-Fi
# Command line: vivado.exe -gui_launcher_event rodinguilauncherevent216 C:\Users\ARGE2\Desktop\ddApp-10 FPGA UygulamalariSeti\Uygulama Kodlar\Wi-Fi\Wi-Fi.xpr
# Log file: C:/Users/ARGE2/Desktop/ddApp-10 FPGA UygulamalariSeti/Uygulama Kodlar/Wi-Fi/vivado.log
# Journal file: C:/Users/ARGE2/Desktop/ddApp-10 FPGA UygulamalariSeti/Uygulama Kodlar/Wi-Fi\vivado.jou
#-----------------------------------------------------------
start_gui
open_project {C:/Users/ARGE2/Desktop/ddApp-10 FPGA UygulamalariSeti/Uygulama Kodlar/Wi-Fi/Wi-Fi.xpr}
Scanning sources...
Finished scanning sources
INFO: [IP_Flow 19-234] Refreshing IP repositories
INFO: [IP_Flow 19-1704] No user IP repositories specified
INFO: [IP_Flow 19-2313] Loaded Vivado IP repository 'C:/Xilinx/Vivado/2018.2/data/ip'.
open_project: Time (s): cpu = 00:00:23 ; elapsed = 00:00:14 . Memory (MB): peak = 850.375 ; gain = 133.113
update_compile_order -fileset sources_1
exit
INFO: [Common 17-206] Exiting Vivado at Mon Sep  2 14:55:46 2019...
