#-----------------------------------------------------------
# Vivado v2020.2 (64-bit)
# SW Build 3064766 on Wed Nov 18 09:12:45 MST 2020
# IP Build 3064653 on Wed Nov 18 14:17:31 MST 2020
# Start of session at: Thu Jul 13 10:45:11 2023
# Process ID: 6256
# Current directory: D:/vivadoprojectsNEW/vivadoprojectslast/DDAPP/uygulama kodlar emranin hali/Bluetooth
# Command line: vivado.exe -gui_launcher_event rodinguilauncherevent3544 D:\vivadoprojectsNEW\vivadoprojectslast\DDAPP\uygulama kodlar emranin hali\Bluetooth\Bluetooth.xpr
# Log file: D:/vivadoprojectsNEW/vivadoprojectslast/DDAPP/uygulama kodlar emranin hali/Bluetooth/vivado.log
# Journal file: D:/vivadoprojectsNEW/vivadoprojectslast/DDAPP/uygulama kodlar emranin hali/Bluetooth\vivado.jou
#-----------------------------------------------------------
start_gui
open_project {D:/vivadoprojectsNEW/vivadoprojectslast/DDAPP/uygulama kodlar emranin hali/Bluetooth/Bluetooth.xpr}
INFO: [ProjectBase 1-489] The host OS only allows 260 characters in a normal path. The project is stored in a path with more than 80 characters. If you experience issues with IP, Block Designs, or files not being found, please consider moving the project to a location with a shorter path. Alternately consider using the OS subst command to map part of the path to a drive letter.
Current project path is 'D:/vivadoprojectsNEW/vivadoprojectslast/DDAPP/uygulama kodlar emranin hali/Bluetooth'
Scanning sources...
Finished scanning sources
INFO: [IP_Flow 19-234] Refreshing IP repositories
INFO: [IP_Flow 19-1704] No user IP repositories specified
INFO: [IP_Flow 19-2313] Loaded Vivado IP repository 'D:/Vivado/2020.2/data/ip'.
open_project: Time (s): cpu = 00:00:06 ; elapsed = 00:00:07 . Memory (MB): peak = 1117.602 ; gain = 0.000
update_compile_order -fileset sources_1
open_hw_manager
connect_hw_server -allow_non_jtag
INFO: [Labtools 27-2285] Connecting to hw_server url TCP:localhost:3121
INFO: [Labtools 27-2222] Launching hw_server...
INFO: [Labtools 27-2221] Launch Output:

****** Xilinx hw_server v2020.2
  **** Build date : Nov 18 2020 at 10:01:48
    ** Copyright 1986-2020 Xilinx, Inc. All Rights Reserved.


INFO: [Labtools 27-3415] Connecting to cs_server url TCP:localhost:3042
INFO: [Labtools 27-3417] Launching cs_server...
INFO: [Labtools 27-2221] Launch Output:


******** Xilinx cs_server v2020.2
  ****** Build date   : Nov 04 2020-00:02:56
    **** Build number : 2020.2.1604437376
      ** Copyright 2017-2020 Xilinx, Inc. All Rights Reserved.



connect_hw_server: Time (s): cpu = 00:00:01 ; elapsed = 00:00:09 . Memory (MB): peak = 1117.602 ; gain = 0.000
open_hw_target
INFO: [Labtoolstcl 44-466] Opening hw_target localhost:3121/xilinx_tcf/Digilent/210183736763A
open_hw_target: Time (s): cpu = 00:00:04 ; elapsed = 00:00:07 . Memory (MB): peak = 2588.969 ; gain = 1471.367
set_property PROGRAM.FILE {D:/vivadoprojectsNEW/vivadoprojectslast/DDAPP/uygulama kodlar emranin hali/Bluetooth/Bluetooth.runs/impl_1/serialport.bit} [get_hw_devices xc7a35t_0]
current_hw_device [get_hw_devices xc7a35t_0]
refresh_hw_device -update_hw_probes false [lindex [get_hw_devices xc7a35t_0] 0]
INFO: [Labtools 27-1434] Device xc7a35t (JTAG device index = 0) is programmed with a design that has no supported debug core(s) in it.
exit
INFO: [Common 17-206] Exiting Vivado at Thu Jul 13 11:22:36 2023...
