#-----------------------------------------------------------
# Vivado v2020.2 (64-bit)
# SW Build 3064766 on Wed Nov 18 09:12:45 MST 2020
# IP Build 3064653 on Wed Nov 18 14:17:31 MST 2020
# Start of session at: Fri Apr 14 10:50:10 2023
# Process ID: 22888
# Current directory: C:/vivadoprojectslast/DDAPP/uygulama kodlar emranin hali/AdimMotoru
# Command line: vivado.exe -gui_launcher_event rodinguilauncherevent22684 C:\vivadoprojectslast\DDAPP\uygulama kodlar emranin hali\AdimMotoru\AdimMotoru.xpr
# Log file: C:/vivadoprojectslast/DDAPP/uygulama kodlar emranin hali/AdimMotoru/vivado.log
# Journal file: C:/vivadoprojectslast/DDAPP/uygulama kodlar emranin hali/AdimMotoru\vivado.jou
#-----------------------------------------------------------
start_gui
open_project {C:/vivadoprojectslast/DDAPP/uygulama kodlar emranin hali/AdimMotoru/AdimMotoru.xpr}
INFO: [Project 1-313] Project file moved from 'C:/Users/dilay/OneDrive/Masaüstü/DDAPP/uygulama kodlar emranin hali/AdimMotoru' since last save.
Scanning sources...
Finished scanning sources
INFO: [IP_Flow 19-234] Refreshing IP repositories
INFO: [IP_Flow 19-1704] No user IP repositories specified
INFO: [IP_Flow 19-2313] Loaded Vivado IP repository 'D:/Vivado/2020.2/data/ip'.
open_project: Time (s): cpu = 00:00:06 ; elapsed = 00:00:06 . Memory (MB): peak = 1115.129 ; gain = 0.000
update_compile_order -fileset sources_1
exit
INFO: [Common 17-206] Exiting Vivado at Fri Apr 14 10:52:46 2023...
