#-----------------------------------------------------------
# Vivado v2018.2 (64-bit)
# SW Build 2258646 on Thu Jun 14 20:03:12 MDT 2018
# IP Build 2256618 on Thu Jun 14 22:10:49 MDT 2018
# Start of session at: Mon Sep  2 16:02:22 2019
# Process ID: 9820
# Current directory: C:/Users/ARGE2/Desktop/ddApp-10 FPGA UygulamalariSeti/Uygulama Kodlar/AdimMotoru
# Command line: vivado.exe -gui_launcher_event rodinguilauncherevent1316 C:\Users\ARGE2\Desktop\ddApp-10 FPGA UygulamalariSeti\Uygulama Kodlar\AdimMotoru\AdimMotoru.xpr
# Log file: C:/Users/ARGE2/Desktop/ddApp-10 FPGA UygulamalariSeti/Uygulama Kodlar/AdimMotoru/vivado.log
# Journal file: C:/Users/ARGE2/Desktop/ddApp-10 FPGA UygulamalariSeti/Uygulama Kodlar/AdimMotoru\vivado.jou
#-----------------------------------------------------------
start_gui
open_project {C:/Users/ARGE2/Desktop/ddApp-10 FPGA UygulamalariSeti/Uygulama Kodlar/AdimMotoru/AdimMotoru.xpr}
Scanning sources...
Finished scanning sources
INFO: [IP_Flow 19-234] Refreshing IP repositories
INFO: [IP_Flow 19-1704] No user IP repositories specified
INFO: [IP_Flow 19-2313] Loaded Vivado IP repository 'C:/Xilinx/Vivado/2018.2/data/ip'.
open_project: Time (s): cpu = 00:00:20 ; elapsed = 00:00:12 . Memory (MB): peak = 852.523 ; gain = 129.727
update_compile_order -fileset sources_1
exit
INFO: [Common 17-206] Exiting Vivado at Mon Sep  2 16:04:26 2019...
