#-----------------------------------------------------------
# Vivado v2020.2 (64-bit)
# SW Build 3064766 on Wed Nov 18 09:12:45 MST 2020
# IP Build 3064653 on Wed Nov 18 14:17:31 MST 2020
# Start of session at: Tue Aug 15 15:10:01 2023
# Process ID: 13392
# Current directory: D:/vivadoprojectsNEW/vivadoprojectslast/DDAPP/BluetoothLast
# Command line: vivado.exe -gui_launcher_event rodinguilauncherevent14348 D:\vivadoprojectsNEW\vivadoprojectslast\DDAPP\BluetoothLast\BluetoothLast.xpr
# Log file: D:/vivadoprojectsNEW/vivadoprojectslast/DDAPP/BluetoothLast/vivado.log
# Journal file: D:/vivadoprojectsNEW/vivadoprojectslast/DDAPP/BluetoothLast\vivado.jou
#-----------------------------------------------------------
start_gui
open_project D:/vivadoprojectsNEW/vivadoprojectslast/DDAPP/BluetoothLast/BluetoothLast.xpr
Scanning sources...
Finished scanning sources
INFO: [IP_Flow 19-234] Refreshing IP repositories
INFO: [IP_Flow 19-1704] No user IP repositories specified
INFO: [IP_Flow 19-2313] Loaded Vivado IP repository 'D:/Vivado/2020.2/data/ip'.
open_project: Time (s): cpu = 00:00:06 ; elapsed = 00:00:10 . Memory (MB): peak = 1097.230 ; gain = 0.000
update_compile_order -fileset sources_1
reset_run synth_1
launch_runs impl_1 -to_step write_bitstream -jobs 12
[Tue Aug 15 15:10:40 2023] Launched synth_1...
Run output will be captured here: D:/vivadoprojectsNEW/vivadoprojectslast/DDAPP/BluetoothLast/BluetoothLast.runs/synth_1/runme.log
[Tue Aug 15 15:10:40 2023] Launched impl_1...
Run output will be captured here: D:/vivadoprojectsNEW/vivadoprojectslast/DDAPP/BluetoothLast/BluetoothLast.runs/impl_1/runme.log
close_project
exit
INFO: [Common 17-206] Exiting Vivado at Tue Aug 15 15:32:09 2023...
